Start testing: Sep 16 15:03 UTC
----------------------------------------------------------
1/42 Testing: CommonTypesTest.TypesAreUsable
1/42 Test: CommonTypesTest.TypesAreUsable
Command: "/workspaces/Google_File_System/build/gfs_common_test" "--gtest_filter=CommonTypesTest.TypesAreUsable" "--gtest_also_run_disabled_tests"
Directory: /workspaces/Google_File_System/build
"CommonTypesTest.TypesAreUsable" start time: Sep 16 15:03 UTC
Output:
----------------------------------------------------------
Running main() from /workspaces/Google_File_System/build/_deps/googletest-src/googletest/src/gtest_main.cc
Note: Google Test filter = CommonTypesTest.TypesAreUsable
[==========] Running 1 test from 1 test suite.
[----------] Global test environment set-up.
[----------] 1 test from CommonTypesTest
[ RUN      ] CommonTypesTest.TypesAreUsable
[       OK ] CommonTypesTest.TypesAreUsable (0 ms)
[----------] 1 test from CommonTypesTest (0 ms total)

[----------] Global test environment tear-down
[==========] 1 test from 1 test suite ran. (0 ms total)
[  PASSED  ] 1 test.
<end of output>
Test time =   0.00 sec
----------------------------------------------------------
Test Passed.
"CommonTypesTest.TypesAreUsable" end time: Sep 16 15:03 UTC
"CommonTypesTest.TypesAreUsable" time elapsed: 00:00:00
----------------------------------------------------------

2/42 Testing: ConstantsTest.GFSConstantsMatchPaper
2/42 Test: ConstantsTest.GFSConstantsMatchPaper
Command: "/workspaces/Google_File_System/build/gfs_common_test" "--gtest_filter=ConstantsTest.GFSConstantsMatchPaper" "--gtest_also_run_disabled_tests"
Directory: /workspaces/Google_File_System/build
"ConstantsTest.GFSConstantsMatchPaper" start time: Sep 16 15:03 UTC
Output:
----------------------------------------------------------
Running main() from /workspaces/Google_File_System/build/_deps/googletest-src/googletest/src/gtest_main.cc
Note: Google Test filter = ConstantsTest.GFSConstantsMatchPaper
[==========] Running 1 test from 1 test suite.
[----------] Global test environment set-up.
[----------] 1 test from ConstantsTest
[ RUN      ] ConstantsTest.GFSConstantsMatchPaper
[       OK ] ConstantsTest.GFSConstantsMatchPaper (0 ms)
[----------] 1 test from ConstantsTest (0 ms total)

[----------] Global test environment tear-down
[==========] 1 test from 1 test suite ran. (0 ms total)
[  PASSED  ] 1 test.
<end of output>
Test time =   0.00 sec
----------------------------------------------------------
Test Passed.
"ConstantsTest.GFSConstantsMatchPaper" end time: Sep 16 15:03 UTC
"ConstantsTest.GFSConstantsMatchPaper" time elapsed: 00:00:00
----------------------------------------------------------

3/42 Testing: StatusTest.OKStatusIsSuccessful
3/42 Test: StatusTest.OKStatusIsSuccessful
Command: "/workspaces/Google_File_System/build/gfs_common_test" "--gtest_filter=StatusTest.OKStatusIsSuccessful" "--gtest_also_run_disabled_tests"
Directory: /workspaces/Google_File_System/build
"StatusTest.OKStatusIsSuccessful" start time: Sep 16 15:03 UTC
Output:
----------------------------------------------------------
Running main() from /workspaces/Google_File_System/build/_deps/googletest-src/googletest/src/gtest_main.cc
Note: Google Test filter = StatusTest.OKStatusIsSuccessful
[==========] Running 1 test from 1 test suite.
[----------] Global test environment set-up.
[----------] 1 test from StatusTest
[ RUN      ] StatusTest.OKStatusIsSuccessful
[       OK ] StatusTest.OKStatusIsSuccessful (0 ms)
[----------] 1 test from StatusTest (0 ms total)

[----------] Global test environment tear-down
[==========] 1 test from 1 test suite ran. (0 ms total)
[  PASSED  ] 1 test.
<end of output>
Test time =   0.00 sec
----------------------------------------------------------
Test Passed.
"StatusTest.OKStatusIsSuccessful" end time: Sep 16 15:03 UTC
"StatusTest.OKStatusIsSuccessful" time elapsed: 00:00:00
----------------------------------------------------------

4/42 Testing: StatusTest.ErrorStatusContainsCodeAndMessage
4/42 Test: StatusTest.ErrorStatusContainsCodeAndMessage
Command: "/workspaces/Google_File_System/build/gfs_common_test" "--gtest_filter=StatusTest.ErrorStatusContainsCodeAndMessage" "--gtest_also_run_disabled_tests"
Directory: /workspaces/Google_File_System/build
"StatusTest.ErrorStatusContainsCodeAndMessage" start time: Sep 16 15:03 UTC
Output:
----------------------------------------------------------
Running main() from /workspaces/Google_File_System/build/_deps/googletest-src/googletest/src/gtest_main.cc
Note: Google Test filter = StatusTest.ErrorStatusContainsCodeAndMessage
[==========] Running 1 test from 1 test suite.
[----------] Global test environment set-up.
[----------] 1 test from StatusTest
[ RUN      ] StatusTest.ErrorStatusContainsCodeAndMessage
[       OK ] StatusTest.ErrorStatusContainsCodeAndMessage (0 ms)
[----------] 1 test from StatusTest (0 ms total)

[----------] Global test environment tear-down
[==========] 1 test from 1 test suite ran. (0 ms total)
[  PASSED  ] 1 test.
<end of output>
Test time =   0.00 sec
----------------------------------------------------------
Test Passed.
"StatusTest.ErrorStatusContainsCodeAndMessage" end time: Sep 16 15:03 UTC
"StatusTest.ErrorStatusContainsCodeAndMessage" time elapsed: 00:00:00
----------------------------------------------------------

5/42 Testing: UtilsTest.JoinPath
5/42 Test: UtilsTest.JoinPath
Command: "/workspaces/Google_File_System/build/gfs_common_test" "--gtest_filter=UtilsTest.JoinPath" "--gtest_also_run_disabled_tests"
Directory: /workspaces/Google_File_System/build
"UtilsTest.JoinPath" start time: Sep 16 15:03 UTC
Output:
----------------------------------------------------------
Running main() from /workspaces/Google_File_System/build/_deps/googletest-src/googletest/src/gtest_main.cc
Note: Google Test filter = UtilsTest.JoinPath
[==========] Running 1 test from 1 test suite.
[----------] Global test environment set-up.
[----------] 1 test from UtilsTest
[ RUN      ] UtilsTest.JoinPath
[       OK ] UtilsTest.JoinPath (0 ms)
[----------] 1 test from UtilsTest (0 ms total)

[----------] Global test environment tear-down
[==========] 1 test from 1 test suite ran. (0 ms total)
[  PASSED  ] 1 test.
<end of output>
Test time =   0.00 sec
----------------------------------------------------------
Test Passed.
"UtilsTest.JoinPath" end time: Sep 16 15:03 UTC
"UtilsTest.JoinPath" time elapsed: 00:00:00
----------------------------------------------------------

6/42 Testing: UtilsTest.ValidateFilePath
6/42 Test: UtilsTest.ValidateFilePath
Command: "/workspaces/Google_File_System/build/gfs_common_test" "--gtest_filter=UtilsTest.ValidateFilePath" "--gtest_also_run_disabled_tests"
Directory: /workspaces/Google_File_System/build
"UtilsTest.ValidateFilePath" start time: Sep 16 15:03 UTC
Output:
----------------------------------------------------------
Running main() from /workspaces/Google_File_System/build/_deps/googletest-src/googletest/src/gtest_main.cc
Note: Google Test filter = UtilsTest.ValidateFilePath
[==========] Running 1 test from 1 test suite.
[----------] Global test environment set-up.
[----------] 1 test from UtilsTest
[ RUN      ] UtilsTest.ValidateFilePath
[       OK ] UtilsTest.ValidateFilePath (0 ms)
[----------] 1 test from UtilsTest (0 ms total)

[----------] Global test environment tear-down
[==========] 1 test from 1 test suite ran. (0 ms total)
[  PASSED  ] 1 test.
<end of output>
Test time =   0.00 sec
----------------------------------------------------------
Test Passed.
"UtilsTest.ValidateFilePath" end time: Sep 16 15:03 UTC
"UtilsTest.ValidateFilePath" time elapsed: 00:00:00
----------------------------------------------------------

7/42 Testing: UtilsTest.UnixTimeMillisIsNonZero
7/42 Test: UtilsTest.UnixTimeMillisIsNonZero
Command: "/workspaces/Google_File_System/build/gfs_common_test" "--gtest_filter=UtilsTest.UnixTimeMillisIsNonZero" "--gtest_also_run_disabled_tests"
Directory: /workspaces/Google_File_System/build
"UtilsTest.UnixTimeMillisIsNonZero" start time: Sep 16 15:03 UTC
Output:
----------------------------------------------------------
Running main() from /workspaces/Google_File_System/build/_deps/googletest-src/googletest/src/gtest_main.cc
Note: Google Test filter = UtilsTest.UnixTimeMillisIsNonZero
[==========] Running 1 test from 1 test suite.
[----------] Global test environment set-up.
[----------] 1 test from UtilsTest
[ RUN      ] UtilsTest.UnixTimeMillisIsNonZero
[       OK ] UtilsTest.UnixTimeMillisIsNonZero (0 ms)
[----------] 1 test from UtilsTest (0 ms total)

[----------] Global test environment tear-down
[==========] 1 test from 1 test suite ran. (0 ms total)
[  PASSED  ] 1 test.
<end of output>
Test time =   0.00 sec
----------------------------------------------------------
Test Passed.
"UtilsTest.UnixTimeMillisIsNonZero" end time: Sep 16 15:03 UTC
"UtilsTest.UnixTimeMillisIsNonZero" time elapsed: 00:00:00
----------------------------------------------------------

8/42 Testing: FileMetadataTest.StoresBasicMetadata
8/42 Test: FileMetadataTest.StoresBasicMetadata
Command: "/workspaces/Google_File_System/build/gfs_master_test" "--gtest_filter=FileMetadataTest.StoresBasicMetadata" "--gtest_also_run_disabled_tests"
Directory: /workspaces/Google_File_System/build
"FileMetadataTest.StoresBasicMetadata" start time: Sep 16 15:03 UTC
Output:
----------------------------------------------------------
Running main() from /workspaces/Google_File_System/build/_deps/googletest-src/googletest/src/gtest_main.cc
Note: Google Test filter = FileMetadataTest.StoresBasicMetadata
[==========] Running 1 test from 1 test suite.
[----------] Global test environment set-up.
[----------] 1 test from FileMetadataTest
[ RUN      ] FileMetadataTest.StoresBasicMetadata
[       OK ] FileMetadataTest.StoresBasicMetadata (0 ms)
[----------] 1 test from FileMetadataTest (0 ms total)

[----------] Global test environment tear-down
[==========] 1 test from 1 test suite ran. (0 ms total)
[  PASSED  ] 1 test.
<end of output>
Test time =   0.00 sec
----------------------------------------------------------
Test Passed.
"FileMetadataTest.StoresBasicMetadata" end time: Sep 16 15:03 UTC
"FileMetadataTest.StoresBasicMetadata" time elapsed: 00:00:00
----------------------------------------------------------

9/42 Testing: FileMetadataTest.ManagesChunkHandles
9/42 Test: FileMetadataTest.ManagesChunkHandles
Command: "/workspaces/Google_File_System/build/gfs_master_test" "--gtest_filter=FileMetadataTest.ManagesChunkHandles" "--gtest_also_run_disabled_tests"
Directory: /workspaces/Google_File_System/build
"FileMetadataTest.ManagesChunkHandles" start time: Sep 16 15:03 UTC
Output:
----------------------------------------------------------
Running main() from /workspaces/Google_File_System/build/_deps/googletest-src/googletest/src/gtest_main.cc
Note: Google Test filter = FileMetadataTest.ManagesChunkHandles
[==========] Running 1 test from 1 test suite.
[----------] Global test environment set-up.
[----------] 1 test from FileMetadataTest
[ RUN      ] FileMetadataTest.ManagesChunkHandles
[       OK ] FileMetadataTest.ManagesChunkHandles (0 ms)
[----------] 1 test from FileMetadataTest (0 ms total)

[----------] Global test environment tear-down
[==========] 1 test from 1 test suite ran. (0 ms total)
[  PASSED  ] 1 test.
<end of output>
Test time =   0.00 sec
----------------------------------------------------------
Test Passed.
"FileMetadataTest.ManagesChunkHandles" end time: Sep 16 15:03 UTC
"FileMetadataTest.ManagesChunkHandles" time elapsed: 00:00:00
----------------------------------------------------------

10/42 Testing: FileMetadataTest.UpdatesSizeAndPath
10/42 Test: FileMetadataTest.UpdatesSizeAndPath
Command: "/workspaces/Google_File_System/build/gfs_master_test" "--gtest_filter=FileMetadataTest.UpdatesSizeAndPath" "--gtest_also_run_disabled_tests"
Directory: /workspaces/Google_File_System/build
"FileMetadataTest.UpdatesSizeAndPath" start time: Sep 16 15:03 UTC
Output:
----------------------------------------------------------
Running main() from /workspaces/Google_File_System/build/_deps/googletest-src/googletest/src/gtest_main.cc
Note: Google Test filter = FileMetadataTest.UpdatesSizeAndPath
[==========] Running 1 test from 1 test suite.
[----------] Global test environment set-up.
[----------] 1 test from FileMetadataTest
[ RUN      ] FileMetadataTest.UpdatesSizeAndPath
[       OK ] FileMetadataTest.UpdatesSizeAndPath (0 ms)
[----------] 1 test from FileMetadataTest (0 ms total)

[----------] Global test environment tear-down
[==========] 1 test from 1 test suite ran. (0 ms total)
[  PASSED  ] 1 test.
<end of output>
Test time =   0.00 sec
----------------------------------------------------------
Test Passed.
"FileMetadataTest.UpdatesSizeAndPath" end time: Sep 16 15:03 UTC
"FileMetadataTest.UpdatesSizeAndPath" time elapsed: 00:00:00
----------------------------------------------------------

11/42 Testing: ChunkMetadataTest.StoresHandleVersionAndSize
11/42 Test: ChunkMetadataTest.StoresHandleVersionAndSize
Command: "/workspaces/Google_File_System/build/gfs_master_test" "--gtest_filter=ChunkMetadataTest.StoresHandleVersionAndSize" "--gtest_also_run_disabled_tests"
Directory: /workspaces/Google_File_System/build
"ChunkMetadataTest.StoresHandleVersionAndSize" start time: Sep 16 15:03 UTC
Output:
----------------------------------------------------------
Running main() from /workspaces/Google_File_System/build/_deps/googletest-src/googletest/src/gtest_main.cc
Note: Google Test filter = ChunkMetadataTest.StoresHandleVersionAndSize
[==========] Running 1 test from 1 test suite.
[----------] Global test environment set-up.
[----------] 1 test from ChunkMetadataTest
[ RUN      ] ChunkMetadataTest.StoresHandleVersionAndSize
[       OK ] ChunkMetadataTest.StoresHandleVersionAndSize (0 ms)
[----------] 1 test from ChunkMetadataTest (0 ms total)

[----------] Global test environment tear-down
[==========] 1 test from 1 test suite ran. (0 ms total)
[  PASSED  ] 1 test.
<end of output>
Test time =   0.00 sec
----------------------------------------------------------
Test Passed.
"ChunkMetadataTest.StoresHandleVersionAndSize" end time: Sep 16 15:03 UTC
"ChunkMetadataTest.StoresHandleVersionAndSize" time elapsed: 00:00:00
----------------------------------------------------------

12/42 Testing: ChunkMetadataTest.TracksReplicas
12/42 Test: ChunkMetadataTest.TracksReplicas
Command: "/workspaces/Google_File_System/build/gfs_master_test" "--gtest_filter=ChunkMetadataTest.TracksReplicas" "--gtest_also_run_disabled_tests"
Directory: /workspaces/Google_File_System/build
"ChunkMetadataTest.TracksReplicas" start time: Sep 16 15:03 UTC
Output:
----------------------------------------------------------
Running main() from /workspaces/Google_File_System/build/_deps/googletest-src/googletest/src/gtest_main.cc
Note: Google Test filter = ChunkMetadataTest.TracksReplicas
[==========] Running 1 test from 1 test suite.
[----------] Global test environment set-up.
[----------] 1 test from ChunkMetadataTest
[ RUN      ] ChunkMetadataTest.TracksReplicas
[       OK ] ChunkMetadataTest.TracksReplicas (0 ms)
[----------] 1 test from ChunkMetadataTest (0 ms total)

[----------] Global test environment tear-down
[==========] 1 test from 1 test suite ran. (0 ms total)
[  PASSED  ] 1 test.
<end of output>
Test time =   0.00 sec
----------------------------------------------------------
Test Passed.
"ChunkMetadataTest.TracksReplicas" end time: Sep 16 15:03 UTC
"ChunkMetadataTest.TracksReplicas" time elapsed: 00:00:00
----------------------------------------------------------

13/42 Testing: MetadataTest.CreatesAndLooksUpFiles
13/42 Test: MetadataTest.CreatesAndLooksUpFiles
Command: "/workspaces/Google_File_System/build/gfs_master_test" "--gtest_filter=MetadataTest.CreatesAndLooksUpFiles" "--gtest_also_run_disabled_tests"
Directory: /workspaces/Google_File_System/build
"MetadataTest.CreatesAndLooksUpFiles" start time: Sep 16 15:03 UTC
Output:
----------------------------------------------------------
Running main() from /workspaces/Google_File_System/build/_deps/googletest-src/googletest/src/gtest_main.cc
Note: Google Test filter = MetadataTest.CreatesAndLooksUpFiles
[==========] Running 1 test from 1 test suite.
[----------] Global test environment set-up.
[----------] 1 test from MetadataTest
[ RUN      ] MetadataTest.CreatesAndLooksUpFiles
[       OK ] MetadataTest.CreatesAndLooksUpFiles (0 ms)
[----------] 1 test from MetadataTest (0 ms total)

[----------] Global test environment tear-down
[==========] 1 test from 1 test suite ran. (0 ms total)
[  PASSED  ] 1 test.
<end of output>
Test time =   0.00 sec
----------------------------------------------------------
Test Passed.
"MetadataTest.CreatesAndLooksUpFiles" end time: Sep 16 15:03 UTC
"MetadataTest.CreatesAndLooksUpFiles" time elapsed: 00:00:00
----------------------------------------------------------

14/42 Testing: MetadataTest.RejectsInvalidReplicationFactor
14/42 Test: MetadataTest.RejectsInvalidReplicationFactor
Command: "/workspaces/Google_File_System/build/gfs_master_test" "--gtest_filter=MetadataTest.RejectsInvalidReplicationFactor" "--gtest_also_run_disabled_tests"
Directory: /workspaces/Google_File_System/build
"MetadataTest.RejectsInvalidReplicationFactor" start time: Sep 16 15:03 UTC
Output:
----------------------------------------------------------
Running main() from /workspaces/Google_File_System/build/_deps/googletest-src/googletest/src/gtest_main.cc
Note: Google Test filter = MetadataTest.RejectsInvalidReplicationFactor
[==========] Running 1 test from 1 test suite.
[----------] Global test environment set-up.
[----------] 1 test from MetadataTest
[ RUN      ] MetadataTest.RejectsInvalidReplicationFactor
[       OK ] MetadataTest.RejectsInvalidReplicationFactor (0 ms)
[----------] 1 test from MetadataTest (0 ms total)

[----------] Global test environment tear-down
[==========] 1 test from 1 test suite ran. (0 ms total)
[  PASSED  ] 1 test.
<end of output>
Test time =   0.00 sec
----------------------------------------------------------
Test Passed.
"MetadataTest.RejectsInvalidReplicationFactor" end time: Sep 16 15:03 UTC
"MetadataTest.RejectsInvalidReplicationFactor" time elapsed: 00:00:00
----------------------------------------------------------

15/42 Testing: MetadataTest.AllocatesChunksForFiles
15/42 Test: MetadataTest.AllocatesChunksForFiles
Command: "/workspaces/Google_File_System/build/gfs_master_test" "--gtest_filter=MetadataTest.AllocatesChunksForFiles" "--gtest_also_run_disabled_tests"
Directory: /workspaces/Google_File_System/build
"MetadataTest.AllocatesChunksForFiles" start time: Sep 16 15:03 UTC
Output:
----------------------------------------------------------
Running main() from /workspaces/Google_File_System/build/_deps/googletest-src/googletest/src/gtest_main.cc
Note: Google Test filter = MetadataTest.AllocatesChunksForFiles
[==========] Running 1 test from 1 test suite.
[----------] Global test environment set-up.
[----------] 1 test from MetadataTest
[ RUN      ] MetadataTest.AllocatesChunksForFiles
[       OK ] MetadataTest.AllocatesChunksForFiles (0 ms)
[----------] 1 test from MetadataTest (0 ms total)

[----------] Global test environment tear-down
[==========] 1 test from 1 test suite ran. (0 ms total)
[  PASSED  ] 1 test.
<end of output>
Test time =   0.00 sec
----------------------------------------------------------
Test Passed.
"MetadataTest.AllocatesChunksForFiles" end time: Sep 16 15:03 UTC
"MetadataTest.AllocatesChunksForFiles" time elapsed: 00:00:00
----------------------------------------------------------

16/42 Testing: MetadataTest.TracksChunkReplicas
16/42 Test: MetadataTest.TracksChunkReplicas
Command: "/workspaces/Google_File_System/build/gfs_master_test" "--gtest_filter=MetadataTest.TracksChunkReplicas" "--gtest_also_run_disabled_tests"
Directory: /workspaces/Google_File_System/build
"MetadataTest.TracksChunkReplicas" start time: Sep 16 15:03 UTC
Output:
----------------------------------------------------------
Running main() from /workspaces/Google_File_System/build/_deps/googletest-src/googletest/src/gtest_main.cc
Note: Google Test filter = MetadataTest.TracksChunkReplicas
[==========] Running 1 test from 1 test suite.
[----------] Global test environment set-up.
[----------] 1 test from MetadataTest
[ RUN      ] MetadataTest.TracksChunkReplicas
[       OK ] MetadataTest.TracksChunkReplicas (0 ms)
[----------] 1 test from MetadataTest (0 ms total)

[----------] Global test environment tear-down
[==========] 1 test from 1 test suite ran. (0 ms total)
[  PASSED  ] 1 test.
<end of output>
Test time =   0.00 sec
----------------------------------------------------------
Test Passed.
"MetadataTest.TracksChunkReplicas" end time: Sep 16 15:03 UTC
"MetadataTest.TracksChunkReplicas" time elapsed: 00:00:00
----------------------------------------------------------

17/42 Testing: MetadataTest.RenamesFiles
17/42 Test: MetadataTest.RenamesFiles
Command: "/workspaces/Google_File_System/build/gfs_master_test" "--gtest_filter=MetadataTest.RenamesFiles" "--gtest_also_run_disabled_tests"
Directory: /workspaces/Google_File_System/build
"MetadataTest.RenamesFiles" start time: Sep 16 15:03 UTC
Output:
----------------------------------------------------------
Running main() from /workspaces/Google_File_System/build/_deps/googletest-src/googletest/src/gtest_main.cc
Note: Google Test filter = MetadataTest.RenamesFiles
[==========] Running 1 test from 1 test suite.
[----------] Global test environment set-up.
[----------] 1 test from MetadataTest
[ RUN      ] MetadataTest.RenamesFiles
[       OK ] MetadataTest.RenamesFiles (0 ms)
[----------] 1 test from MetadataTest (0 ms total)

[----------] Global test environment tear-down
[==========] 1 test from 1 test suite ran. (0 ms total)
[  PASSED  ] 1 test.
<end of output>
Test time =   0.00 sec
----------------------------------------------------------
Test Passed.
"MetadataTest.RenamesFiles" end time: Sep 16 15:03 UTC
"MetadataTest.RenamesFiles" time elapsed: 00:00:00
----------------------------------------------------------

18/42 Testing: MetadataTest.DeletesFileAndItsChunks
18/42 Test: MetadataTest.DeletesFileAndItsChunks
Command: "/workspaces/Google_File_System/build/gfs_master_test" "--gtest_filter=MetadataTest.DeletesFileAndItsChunks" "--gtest_also_run_disabled_tests"
Directory: /workspaces/Google_File_System/build
"MetadataTest.DeletesFileAndItsChunks" start time: Sep 16 15:03 UTC
Output:
----------------------------------------------------------
Running main() from /workspaces/Google_File_System/build/_deps/googletest-src/googletest/src/gtest_main.cc
Note: Google Test filter = MetadataTest.DeletesFileAndItsChunks
[==========] Running 1 test from 1 test suite.
[----------] Global test environment set-up.
[----------] 1 test from MetadataTest
[ RUN      ] MetadataTest.DeletesFileAndItsChunks
[       OK ] MetadataTest.DeletesFileAndItsChunks (0 ms)
[----------] 1 test from MetadataTest (0 ms total)

[----------] Global test environment tear-down
[==========] 1 test from 1 test suite ran. (0 ms total)
[  PASSED  ] 1 test.
<end of output>
Test time =   0.00 sec
----------------------------------------------------------
Test Passed.
"MetadataTest.DeletesFileAndItsChunks" end time: Sep 16 15:03 UTC
"MetadataTest.DeletesFileAndItsChunks" time elapsed: 00:00:00
----------------------------------------------------------

19/42 Testing: MetadataTest.UpdatesChunkMetadata
19/42 Test: MetadataTest.UpdatesChunkMetadata
Command: "/workspaces/Google_File_System/build/gfs_master_test" "--gtest_filter=MetadataTest.UpdatesChunkMetadata" "--gtest_also_run_disabled_tests"
Directory: /workspaces/Google_File_System/build
"MetadataTest.UpdatesChunkMetadata" start time: Sep 16 15:03 UTC
Output:
----------------------------------------------------------
Running main() from /workspaces/Google_File_System/build/_deps/googletest-src/googletest/src/gtest_main.cc
Note: Google Test filter = MetadataTest.UpdatesChunkMetadata
[==========] Running 1 test from 1 test suite.
[----------] Global test environment set-up.
[----------] 1 test from MetadataTest
[ RUN      ] MetadataTest.UpdatesChunkMetadata
[       OK ] MetadataTest.UpdatesChunkMetadata (0 ms)
[----------] 1 test from MetadataTest (0 ms total)

[----------] Global test environment tear-down
[==========] 1 test from 1 test suite ran. (0 ms total)
[  PASSED  ] 1 test.
<end of output>
Test time =   0.00 sec
----------------------------------------------------------
Test Passed.
"MetadataTest.UpdatesChunkMetadata" end time: Sep 16 15:03 UTC
"MetadataTest.UpdatesChunkMetadata" time elapsed: 00:00:00
----------------------------------------------------------

20/42 Testing: NamespaceManagerTest.RootDirectoryExists
20/42 Test: NamespaceManagerTest.RootDirectoryExists
Command: "/workspaces/Google_File_System/build/gfs_master_test" "--gtest_filter=NamespaceManagerTest.RootDirectoryExists" "--gtest_also_run_disabled_tests"
Directory: /workspaces/Google_File_System/build
"NamespaceManagerTest.RootDirectoryExists" start time: Sep 16 15:03 UTC
Output:
----------------------------------------------------------
Running main() from /workspaces/Google_File_System/build/_deps/googletest-src/googletest/src/gtest_main.cc
Note: Google Test filter = NamespaceManagerTest.RootDirectoryExists
[==========] Running 1 test from 1 test suite.
[----------] Global test environment set-up.
[----------] 1 test from NamespaceManagerTest
[ RUN      ] NamespaceManagerTest.RootDirectoryExists
[       OK ] NamespaceManagerTest.RootDirectoryExists (0 ms)
[----------] 1 test from NamespaceManagerTest (0 ms total)

[----------] Global test environment tear-down
[==========] 1 test from 1 test suite ran. (0 ms total)
[  PASSED  ] 1 test.
<end of output>
Test time =   0.01 sec
----------------------------------------------------------
Test Passed.
"NamespaceManagerTest.RootDirectoryExists" end time: Sep 16 15:03 UTC
"NamespaceManagerTest.RootDirectoryExists" time elapsed: 00:00:00
----------------------------------------------------------

21/42 Testing: NamespaceManagerTest.ValidatesPaths
21/42 Test: NamespaceManagerTest.ValidatesPaths
Command: "/workspaces/Google_File_System/build/gfs_master_test" "--gtest_filter=NamespaceManagerTest.ValidatesPaths" "--gtest_also_run_disabled_tests"
Directory: /workspaces/Google_File_System/build
"NamespaceManagerTest.ValidatesPaths" start time: Sep 16 15:03 UTC
Output:
----------------------------------------------------------
Running main() from /workspaces/Google_File_System/build/_deps/googletest-src/googletest/src/gtest_main.cc
Note: Google Test filter = NamespaceManagerTest.ValidatesPaths
[==========] Running 1 test from 1 test suite.
[----------] Global test environment set-up.
[----------] 1 test from NamespaceManagerTest
[ RUN      ] NamespaceManagerTest.ValidatesPaths
[       OK ] NamespaceManagerTest.ValidatesPaths (0 ms)
[----------] 1 test from NamespaceManagerTest (0 ms total)

[----------] Global test environment tear-down
[==========] 1 test from 1 test suite ran. (0 ms total)
[  PASSED  ] 1 test.
<end of output>
Test time =   0.00 sec
----------------------------------------------------------
Test Passed.
"NamespaceManagerTest.ValidatesPaths" end time: Sep 16 15:03 UTC
"NamespaceManagerTest.ValidatesPaths" time elapsed: 00:00:00
----------------------------------------------------------

22/42 Testing: NamespaceManagerTest.CreatesHierarchicalDirectories
22/42 Test: NamespaceManagerTest.CreatesHierarchicalDirectories
Command: "/workspaces/Google_File_System/build/gfs_master_test" "--gtest_filter=NamespaceManagerTest.CreatesHierarchicalDirectories" "--gtest_also_run_disabled_tests"
Directory: /workspaces/Google_File_System/build
"NamespaceManagerTest.CreatesHierarchicalDirectories" start time: Sep 16 15:03 UTC
Output:
----------------------------------------------------------
Running main() from /workspaces/Google_File_System/build/_deps/googletest-src/googletest/src/gtest_main.cc
Note: Google Test filter = NamespaceManagerTest.CreatesHierarchicalDirectories
[==========] Running 1 test from 1 test suite.
[----------] Global test environment set-up.
[----------] 1 test from NamespaceManagerTest
[ RUN      ] NamespaceManagerTest.CreatesHierarchicalDirectories
[       OK ] NamespaceManagerTest.CreatesHierarchicalDirectories (0 ms)
[----------] 1 test from NamespaceManagerTest (0 ms total)

[----------] Global test environment tear-down
[==========] 1 test from 1 test suite ran. (0 ms total)
[  PASSED  ] 1 test.
<end of output>
Test time =   0.00 sec
----------------------------------------------------------
Test Passed.
"NamespaceManagerTest.CreatesHierarchicalDirectories" end time: Sep 16 15:03 UTC
"NamespaceManagerTest.CreatesHierarchicalDirectories" time elapsed: 00:00:00
----------------------------------------------------------

23/42 Testing: NamespaceManagerTest.CreatesFilesInsideDirectories
23/42 Test: NamespaceManagerTest.CreatesFilesInsideDirectories
Command: "/workspaces/Google_File_System/build/gfs_master_test" "--gtest_filter=NamespaceManagerTest.CreatesFilesInsideDirectories" "--gtest_also_run_disabled_tests"
Directory: /workspaces/Google_File_System/build
"NamespaceManagerTest.CreatesFilesInsideDirectories" start time: Sep 16 15:03 UTC
Output:
----------------------------------------------------------
Running main() from /workspaces/Google_File_System/build/_deps/googletest-src/googletest/src/gtest_main.cc
Note: Google Test filter = NamespaceManagerTest.CreatesFilesInsideDirectories
[==========] Running 1 test from 1 test suite.
[----------] Global test environment set-up.
[----------] 1 test from NamespaceManagerTest
[ RUN      ] NamespaceManagerTest.CreatesFilesInsideDirectories
[       OK ] NamespaceManagerTest.CreatesFilesInsideDirectories (0 ms)
[----------] 1 test from NamespaceManagerTest (0 ms total)

[----------] Global test environment tear-down
[==========] 1 test from 1 test suite ran. (0 ms total)
[  PASSED  ] 1 test.
<end of output>
Test time =   0.00 sec
----------------------------------------------------------
Test Passed.
"NamespaceManagerTest.CreatesFilesInsideDirectories" end time: Sep 16 15:03 UTC
"NamespaceManagerTest.CreatesFilesInsideDirectories" time elapsed: 00:00:00
----------------------------------------------------------

24/42 Testing: NamespaceManagerTest.ListsDirectoryChildren
24/42 Test: NamespaceManagerTest.ListsDirectoryChildren
Command: "/workspaces/Google_File_System/build/gfs_master_test" "--gtest_filter=NamespaceManagerTest.ListsDirectoryChildren" "--gtest_also_run_disabled_tests"
Directory: /workspaces/Google_File_System/build
"NamespaceManagerTest.ListsDirectoryChildren" start time: Sep 16 15:03 UTC
Output:
----------------------------------------------------------
Running main() from /workspaces/Google_File_System/build/_deps/googletest-src/googletest/src/gtest_main.cc
Note: Google Test filter = NamespaceManagerTest.ListsDirectoryChildren
[==========] Running 1 test from 1 test suite.
[----------] Global test environment set-up.
[----------] 1 test from NamespaceManagerTest
[ RUN      ] NamespaceManagerTest.ListsDirectoryChildren
[       OK ] NamespaceManagerTest.ListsDirectoryChildren (0 ms)
[----------] 1 test from NamespaceManagerTest (0 ms total)

[----------] Global test environment tear-down
[==========] 1 test from 1 test suite ran. (0 ms total)
[  PASSED  ] 1 test.
<end of output>
Test time =   0.01 sec
----------------------------------------------------------
Test Passed.
"NamespaceManagerTest.ListsDirectoryChildren" end time: Sep 16 15:03 UTC
"NamespaceManagerTest.ListsDirectoryChildren" time elapsed: 00:00:00
----------------------------------------------------------

25/42 Testing: NamespaceManagerTest.DeletesFiles
25/42 Test: NamespaceManagerTest.DeletesFiles
Command: "/workspaces/Google_File_System/build/gfs_master_test" "--gtest_filter=NamespaceManagerTest.DeletesFiles" "--gtest_also_run_disabled_tests"
Directory: /workspaces/Google_File_System/build
"NamespaceManagerTest.DeletesFiles" start time: Sep 16 15:03 UTC
Output:
----------------------------------------------------------
Running main() from /workspaces/Google_File_System/build/_deps/googletest-src/googletest/src/gtest_main.cc
Note: Google Test filter = NamespaceManagerTest.DeletesFiles
[==========] Running 1 test from 1 test suite.
[----------] Global test environment set-up.
[----------] 1 test from NamespaceManagerTest
[ RUN      ] NamespaceManagerTest.DeletesFiles
[       OK ] NamespaceManagerTest.DeletesFiles (0 ms)
[----------] 1 test from NamespaceManagerTest (0 ms total)

[----------] Global test environment tear-down
[==========] 1 test from 1 test suite ran. (0 ms total)
[  PASSED  ] 1 test.
<end of output>
Test time =   0.01 sec
----------------------------------------------------------
Test Passed.
"NamespaceManagerTest.DeletesFiles" end time: Sep 16 15:03 UTC
"NamespaceManagerTest.DeletesFiles" time elapsed: 00:00:00
----------------------------------------------------------

26/42 Testing: NamespaceManagerTest.DeletesOnlyEmptyDirectories
26/42 Test: NamespaceManagerTest.DeletesOnlyEmptyDirectories
Command: "/workspaces/Google_File_System/build/gfs_master_test" "--gtest_filter=NamespaceManagerTest.DeletesOnlyEmptyDirectories" "--gtest_also_run_disabled_tests"
Directory: /workspaces/Google_File_System/build
"NamespaceManagerTest.DeletesOnlyEmptyDirectories" start time: Sep 16 15:03 UTC
Output:
----------------------------------------------------------
Running main() from /workspaces/Google_File_System/build/_deps/googletest-src/googletest/src/gtest_main.cc
Note: Google Test filter = NamespaceManagerTest.DeletesOnlyEmptyDirectories
[==========] Running 1 test from 1 test suite.
[----------] Global test environment set-up.
[----------] 1 test from NamespaceManagerTest
[ RUN      ] NamespaceManagerTest.DeletesOnlyEmptyDirectories
[       OK ] NamespaceManagerTest.DeletesOnlyEmptyDirectories (0 ms)
[----------] 1 test from NamespaceManagerTest (0 ms total)

[----------] Global test environment tear-down
[==========] 1 test from 1 test suite ran. (0 ms total)
[  PASSED  ] 1 test.
<end of output>
Test time =   0.00 sec
----------------------------------------------------------
Test Passed.
"NamespaceManagerTest.DeletesOnlyEmptyDirectories" end time: Sep 16 15:03 UTC
"NamespaceManagerTest.DeletesOnlyEmptyDirectories" time elapsed: 00:00:00
----------------------------------------------------------

27/42 Testing: NamespaceManagerTest.RenamesFiles
27/42 Test: NamespaceManagerTest.RenamesFiles
Command: "/workspaces/Google_File_System/build/gfs_master_test" "--gtest_filter=NamespaceManagerTest.RenamesFiles" "--gtest_also_run_disabled_tests"
Directory: /workspaces/Google_File_System/build
"NamespaceManagerTest.RenamesFiles" start time: Sep 16 15:03 UTC
Output:
----------------------------------------------------------
Running main() from /workspaces/Google_File_System/build/_deps/googletest-src/googletest/src/gtest_main.cc
Note: Google Test filter = NamespaceManagerTest.RenamesFiles
[==========] Running 1 test from 1 test suite.
[----------] Global test environment set-up.
[----------] 1 test from NamespaceManagerTest
[ RUN      ] NamespaceManagerTest.RenamesFiles
[       OK ] NamespaceManagerTest.RenamesFiles (0 ms)
[----------] 1 test from NamespaceManagerTest (0 ms total)

[----------] Global test environment tear-down
[==========] 1 test from 1 test suite ran. (0 ms total)
[  PASSED  ] 1 test.
<end of output>
Test time =   0.01 sec
----------------------------------------------------------
Test Passed.
"NamespaceManagerTest.RenamesFiles" end time: Sep 16 15:03 UTC
"NamespaceManagerTest.RenamesFiles" time elapsed: 00:00:00
----------------------------------------------------------

28/42 Testing: NamespaceManagerTest.PreventsDirectoryCycles
28/42 Test: NamespaceManagerTest.PreventsDirectoryCycles
Command: "/workspaces/Google_File_System/build/gfs_master_test" "--gtest_filter=NamespaceManagerTest.PreventsDirectoryCycles" "--gtest_also_run_disabled_tests"
Directory: /workspaces/Google_File_System/build
"NamespaceManagerTest.PreventsDirectoryCycles" start time: Sep 16 15:03 UTC
Output:
----------------------------------------------------------
Running main() from /workspaces/Google_File_System/build/_deps/googletest-src/googletest/src/gtest_main.cc
Note: Google Test filter = NamespaceManagerTest.PreventsDirectoryCycles
[==========] Running 1 test from 1 test suite.
[----------] Global test environment set-up.
[----------] 1 test from NamespaceManagerTest
[ RUN      ] NamespaceManagerTest.PreventsDirectoryCycles
[       OK ] NamespaceManagerTest.PreventsDirectoryCycles (0 ms)
[----------] 1 test from NamespaceManagerTest (0 ms total)

[----------] Global test environment tear-down
[==========] 1 test from 1 test suite ran. (0 ms total)
[  PASSED  ] 1 test.
<end of output>
Test time =   0.00 sec
----------------------------------------------------------
Test Passed.
"NamespaceManagerTest.PreventsDirectoryCycles" end time: Sep 16 15:03 UTC
"NamespaceManagerTest.PreventsDirectoryCycles" time elapsed: 00:00:00
----------------------------------------------------------

29/42 Testing: NamespaceManagerTest.ParentAndBaseNameWork
29/42 Test: NamespaceManagerTest.ParentAndBaseNameWork
Command: "/workspaces/Google_File_System/build/gfs_master_test" "--gtest_filter=NamespaceManagerTest.ParentAndBaseNameWork" "--gtest_also_run_disabled_tests"
Directory: /workspaces/Google_File_System/build
"NamespaceManagerTest.ParentAndBaseNameWork" start time: Sep 16 15:03 UTC
Output:
----------------------------------------------------------
Running main() from /workspaces/Google_File_System/build/_deps/googletest-src/googletest/src/gtest_main.cc
Note: Google Test filter = NamespaceManagerTest.ParentAndBaseNameWork
[==========] Running 1 test from 1 test suite.
[----------] Global test environment set-up.
[----------] 1 test from NamespaceManagerTest
[ RUN      ] NamespaceManagerTest.ParentAndBaseNameWork
[       OK ] NamespaceManagerTest.ParentAndBaseNameWork (0 ms)
[----------] 1 test from NamespaceManagerTest (0 ms total)

[----------] Global test environment tear-down
[==========] 1 test from 1 test suite ran. (0 ms total)
[  PASSED  ] 1 test.
<end of output>
Test time =   0.00 sec
----------------------------------------------------------
Test Passed.
"NamespaceManagerTest.ParentAndBaseNameWork" end time: Sep 16 15:03 UTC
"NamespaceManagerTest.ParentAndBaseNameWork" time elapsed: 00:00:00
----------------------------------------------------------

30/42 Testing: NamespaceLockTest.AcquiresReadLock
30/42 Test: NamespaceLockTest.AcquiresReadLock
Command: "/workspaces/Google_File_System/build/gfs_master_test" "--gtest_filter=NamespaceLockTest.AcquiresReadLock" "--gtest_also_run_disabled_tests"
Directory: /workspaces/Google_File_System/build
"NamespaceLockTest.AcquiresReadLock" start time: Sep 16 15:03 UTC
Output:
----------------------------------------------------------
Running main() from /workspaces/Google_File_System/build/_deps/googletest-src/googletest/src/gtest_main.cc
Note: Google Test filter = NamespaceLockTest.AcquiresReadLock
[==========] Running 1 test from 1 test suite.
[----------] Global test environment set-up.
[----------] 1 test from NamespaceLockTest
[ RUN      ] NamespaceLockTest.AcquiresReadLock
[       OK ] NamespaceLockTest.AcquiresReadLock (0 ms)
[----------] 1 test from NamespaceLockTest (0 ms total)

[----------] Global test environment tear-down
[==========] 1 test from 1 test suite ran. (0 ms total)
[  PASSED  ] 1 test.
<end of output>
Test time =   0.00 sec
----------------------------------------------------------
Test Passed.
"NamespaceLockTest.AcquiresReadLock" end time: Sep 16 15:03 UTC
"NamespaceLockTest.AcquiresReadLock" time elapsed: 00:00:00
----------------------------------------------------------

31/42 Testing: NamespaceLockTest.AcquiresWriteLock
31/42 Test: NamespaceLockTest.AcquiresWriteLock
Command: "/workspaces/Google_File_System/build/gfs_master_test" "--gtest_filter=NamespaceLockTest.AcquiresWriteLock" "--gtest_also_run_disabled_tests"
Directory: /workspaces/Google_File_System/build
"NamespaceLockTest.AcquiresWriteLock" start time: Sep 16 15:03 UTC
Output:
----------------------------------------------------------
Running main() from /workspaces/Google_File_System/build/_deps/googletest-src/googletest/src/gtest_main.cc
Note: Google Test filter = NamespaceLockTest.AcquiresWriteLock
[==========] Running 1 test from 1 test suite.
[----------] Global test environment set-up.
[----------] 1 test from NamespaceLockTest
[ RUN      ] NamespaceLockTest.AcquiresWriteLock
[       OK ] NamespaceLockTest.AcquiresWriteLock (0 ms)
[----------] 1 test from NamespaceLockTest (0 ms total)

[----------] Global test environment tear-down
[==========] 1 test from 1 test suite ran. (0 ms total)
[  PASSED  ] 1 test.
<end of output>
Test time =   0.00 sec
----------------------------------------------------------
Test Passed.
"NamespaceLockTest.AcquiresWriteLock" end time: Sep 16 15:03 UTC
"NamespaceLockTest.AcquiresWriteLock" time elapsed: 00:00:00
----------------------------------------------------------

32/42 Testing: NamespaceLockTest.AcquiresMultiplePathLocks
32/42 Test: NamespaceLockTest.AcquiresMultiplePathLocks
Command: "/workspaces/Google_File_System/build/gfs_master_test" "--gtest_filter=NamespaceLockTest.AcquiresMultiplePathLocks" "--gtest_also_run_disabled_tests"
Directory: /workspaces/Google_File_System/build
"NamespaceLockTest.AcquiresMultiplePathLocks" start time: Sep 16 15:03 UTC
Output:
----------------------------------------------------------
Running main() from /workspaces/Google_File_System/build/_deps/googletest-src/googletest/src/gtest_main.cc
Note: Google Test filter = NamespaceLockTest.AcquiresMultiplePathLocks
[==========] Running 1 test from 1 test suite.
[----------] Global test environment set-up.
[----------] 1 test from NamespaceLockTest
[ RUN      ] NamespaceLockTest.AcquiresMultiplePathLocks
[       OK ] NamespaceLockTest.AcquiresMultiplePathLocks (0 ms)
[----------] 1 test from NamespaceLockTest (0 ms total)

[----------] Global test environment tear-down
[==========] 1 test from 1 test suite ran. (0 ms total)
[  PASSED  ] 1 test.
<end of output>
Test time =   0.00 sec
----------------------------------------------------------
Test Passed.
"NamespaceLockTest.AcquiresMultiplePathLocks" end time: Sep 16 15:03 UTC
"NamespaceLockTest.AcquiresMultiplePathLocks" time elapsed: 00:00:00
----------------------------------------------------------

33/42 Testing: NamespaceLockTest.GuardsAreMovable
33/42 Test: NamespaceLockTest.GuardsAreMovable
Command: "/workspaces/Google_File_System/build/gfs_master_test" "--gtest_filter=NamespaceLockTest.GuardsAreMovable" "--gtest_also_run_disabled_tests"
Directory: /workspaces/Google_File_System/build
"NamespaceLockTest.GuardsAreMovable" start time: Sep 16 15:03 UTC
Output:
----------------------------------------------------------
Running main() from /workspaces/Google_File_System/build/_deps/googletest-src/googletest/src/gtest_main.cc
Note: Google Test filter = NamespaceLockTest.GuardsAreMovable
[==========] Running 1 test from 1 test suite.
[----------] Global test environment set-up.
[----------] 1 test from NamespaceLockTest
[ RUN      ] NamespaceLockTest.GuardsAreMovable
[       OK ] NamespaceLockTest.GuardsAreMovable (0 ms)
[----------] 1 test from NamespaceLockTest (0 ms total)

[----------] Global test environment tear-down
[==========] 1 test from 1 test suite ran. (0 ms total)
[  PASSED  ] 1 test.
<end of output>
Test time =   0.00 sec
----------------------------------------------------------
Test Passed.
"NamespaceLockTest.GuardsAreMovable" end time: Sep 16 15:03 UTC
"NamespaceLockTest.GuardsAreMovable" time elapsed: 00:00:00
----------------------------------------------------------

34/42 Testing: MasterTest.CreatesFileWithMetadataAndNamespace
34/42 Test: MasterTest.CreatesFileWithMetadataAndNamespace
Command: "/workspaces/Google_File_System/build/gfs_master_test" "--gtest_filter=MasterTest.CreatesFileWithMetadataAndNamespace" "--gtest_also_run_disabled_tests"
Directory: /workspaces/Google_File_System/build
"MasterTest.CreatesFileWithMetadataAndNamespace" start time: Sep 16 15:03 UTC
Output:
----------------------------------------------------------
Running main() from /workspaces/Google_File_System/build/_deps/googletest-src/googletest/src/gtest_main.cc
Note: Google Test filter = MasterTest.CreatesFileWithMetadataAndNamespace
[==========] Running 1 test from 1 test suite.
[----------] Global test environment set-up.
[----------] 1 test from MasterTest
[ RUN      ] MasterTest.CreatesFileWithMetadataAndNamespace
[       OK ] MasterTest.CreatesFileWithMetadataAndNamespace (0 ms)
[----------] 1 test from MasterTest (0 ms total)

[----------] Global test environment tear-down
[==========] 1 test from 1 test suite ran. (0 ms total)
[  PASSED  ] 1 test.
<end of output>
Test time =   0.00 sec
----------------------------------------------------------
Test Passed.
"MasterTest.CreatesFileWithMetadataAndNamespace" end time: Sep 16 15:03 UTC
"MasterTest.CreatesFileWithMetadataAndNamespace" time elapsed: 00:00:00
----------------------------------------------------------

35/42 Testing: MasterTest.CreatesDirectories
35/42 Test: MasterTest.CreatesDirectories
Command: "/workspaces/Google_File_System/build/gfs_master_test" "--gtest_filter=MasterTest.CreatesDirectories" "--gtest_also_run_disabled_tests"
Directory: /workspaces/Google_File_System/build
"MasterTest.CreatesDirectories" start time: Sep 16 15:03 UTC
Output:
----------------------------------------------------------
Running main() from /workspaces/Google_File_System/build/_deps/googletest-src/googletest/src/gtest_main.cc
Note: Google Test filter = MasterTest.CreatesDirectories
[==========] Running 1 test from 1 test suite.
[----------] Global test environment set-up.
[----------] 1 test from MasterTest
[ RUN      ] MasterTest.CreatesDirectories
[       OK ] MasterTest.CreatesDirectories (0 ms)
[----------] 1 test from MasterTest (0 ms total)

[----------] Global test environment tear-down
[==========] 1 test from 1 test suite ran. (0 ms total)
[  PASSED  ] 1 test.
<end of output>
Test time =   0.00 sec
----------------------------------------------------------
Test Passed.
"MasterTest.CreatesDirectories" end time: Sep 16 15:03 UTC
"MasterTest.CreatesDirectories" time elapsed: 00:00:00
----------------------------------------------------------

36/42 Testing: MasterTest.AllocatesChunkThroughMaster
36/42 Test: MasterTest.AllocatesChunkThroughMaster
Command: "/workspaces/Google_File_System/build/gfs_master_test" "--gtest_filter=MasterTest.AllocatesChunkThroughMaster" "--gtest_also_run_disabled_tests"
Directory: /workspaces/Google_File_System/build
"MasterTest.AllocatesChunkThroughMaster" start time: Sep 16 15:03 UTC
Output:
----------------------------------------------------------
Running main() from /workspaces/Google_File_System/build/_deps/googletest-src/googletest/src/gtest_main.cc
Note: Google Test filter = MasterTest.AllocatesChunkThroughMaster
[==========] Running 1 test from 1 test suite.
[----------] Global test environment set-up.
[----------] 1 test from MasterTest
[ RUN      ] MasterTest.AllocatesChunkThroughMaster
[       OK ] MasterTest.AllocatesChunkThroughMaster (0 ms)
[----------] 1 test from MasterTest (0 ms total)

[----------] Global test environment tear-down
[==========] 1 test from 1 test suite ran. (0 ms total)
[  PASSED  ] 1 test.
<end of output>
Test time =   0.00 sec
----------------------------------------------------------
Test Passed.
"MasterTest.AllocatesChunkThroughMaster" end time: Sep 16 15:03 UTC
"MasterTest.AllocatesChunkThroughMaster" time elapsed: 00:00:00
----------------------------------------------------------

37/42 Testing: MasterTest.TracksReplicas
37/42 Test: MasterTest.TracksReplicas
Command: "/workspaces/Google_File_System/build/gfs_master_test" "--gtest_filter=MasterTest.TracksReplicas" "--gtest_also_run_disabled_tests"
Directory: /workspaces/Google_File_System/build
"MasterTest.TracksReplicas" start time: Sep 16 15:03 UTC
Output:
----------------------------------------------------------
Running main() from /workspaces/Google_File_System/build/_deps/googletest-src/googletest/src/gtest_main.cc
Note: Google Test filter = MasterTest.TracksReplicas
[==========] Running 1 test from 1 test suite.
[----------] Global test environment set-up.
[----------] 1 test from MasterTest
[ RUN      ] MasterTest.TracksReplicas
[       OK ] MasterTest.TracksReplicas (0 ms)
[----------] 1 test from MasterTest (0 ms total)

[----------] Global test environment tear-down
[==========] 1 test from 1 test suite ran. (0 ms total)
[  PASSED  ] 1 test.
<end of output>
Test time =   0.00 sec
----------------------------------------------------------
Test Passed.
"MasterTest.TracksReplicas" end time: Sep 16 15:03 UTC
"MasterTest.TracksReplicas" time elapsed: 00:00:00
----------------------------------------------------------

38/42 Testing: MasterTest.RenamesFileAndPreservesChunkMetadata
38/42 Test: MasterTest.RenamesFileAndPreservesChunkMetadata
Command: "/workspaces/Google_File_System/build/gfs_master_test" "--gtest_filter=MasterTest.RenamesFileAndPreservesChunkMetadata" "--gtest_also_run_disabled_tests"
Directory: /workspaces/Google_File_System/build
"MasterTest.RenamesFileAndPreservesChunkMetadata" start time: Sep 16 15:03 UTC
Output:
----------------------------------------------------------
Running main() from /workspaces/Google_File_System/build/_deps/googletest-src/googletest/src/gtest_main.cc
Note: Google Test filter = MasterTest.RenamesFileAndPreservesChunkMetadata
[==========] Running 1 test from 1 test suite.
[----------] Global test environment set-up.
[----------] 1 test from MasterTest
[ RUN      ] MasterTest.RenamesFileAndPreservesChunkMetadata
[       OK ] MasterTest.RenamesFileAndPreservesChunkMetadata (0 ms)
[----------] 1 test from MasterTest (0 ms total)

[----------] Global test environment tear-down
[==========] 1 test from 1 test suite ran. (0 ms total)
[  PASSED  ] 1 test.
<end of output>
Test time =   0.00 sec
----------------------------------------------------------
Test Passed.
"MasterTest.RenamesFileAndPreservesChunkMetadata" end time: Sep 16 15:03 UTC
"MasterTest.RenamesFileAndPreservesChunkMetadata" time elapsed: 00:00:00
----------------------------------------------------------

39/42 Testing: MasterTest.DeletesFileAndMetadata
39/42 Test: MasterTest.DeletesFileAndMetadata
Command: "/workspaces/Google_File_System/build/gfs_master_test" "--gtest_filter=MasterTest.DeletesFileAndMetadata" "--gtest_also_run_disabled_tests"
Directory: /workspaces/Google_File_System/build
"MasterTest.DeletesFileAndMetadata" start time: Sep 16 15:03 UTC
Output:
----------------------------------------------------------
Running main() from /workspaces/Google_File_System/build/_deps/googletest-src/googletest/src/gtest_main.cc
Note: Google Test filter = MasterTest.DeletesFileAndMetadata
[==========] Running 1 test from 1 test suite.
[----------] Global test environment set-up.
[----------] 1 test from MasterTest
[ RUN      ] MasterTest.DeletesFileAndMetadata
[       OK ] MasterTest.DeletesFileAndMetadata (0 ms)
[----------] 1 test from MasterTest (0 ms total)

[----------] Global test environment tear-down
[==========] 1 test from 1 test suite ran. (0 ms total)
[  PASSED  ] 1 test.
<end of output>
Test time =   0.00 sec
----------------------------------------------------------
Test Passed.
"MasterTest.DeletesFileAndMetadata" end time: Sep 16 15:03 UTC
"MasterTest.DeletesFileAndMetadata" time elapsed: 00:00:00
----------------------------------------------------------

40/42 Testing: MasterTest.RejectsDuplicateFiles
40/42 Test: MasterTest.RejectsDuplicateFiles
Command: "/workspaces/Google_File_System/build/gfs_master_test" "--gtest_filter=MasterTest.RejectsDuplicateFiles" "--gtest_also_run_disabled_tests"
Directory: /workspaces/Google_File_System/build
"MasterTest.RejectsDuplicateFiles" start time: Sep 16 15:03 UTC
Output:
----------------------------------------------------------
Running main() from /workspaces/Google_File_System/build/_deps/googletest-src/googletest/src/gtest_main.cc
Note: Google Test filter = MasterTest.RejectsDuplicateFiles
[==========] Running 1 test from 1 test suite.
[----------] Global test environment set-up.
[----------] 1 test from MasterTest
[ RUN      ] MasterTest.RejectsDuplicateFiles
[       OK ] MasterTest.RejectsDuplicateFiles (0 ms)
[----------] 1 test from MasterTest (0 ms total)

[----------] Global test environment tear-down
[==========] 1 test from 1 test suite ran. (0 ms total)
[  PASSED  ] 1 test.
<end of output>
Test time =   0.00 sec
----------------------------------------------------------
Test Passed.
"MasterTest.RejectsDuplicateFiles" end time: Sep 16 15:03 UTC
"MasterTest.RejectsDuplicateFiles" time elapsed: 00:00:00
----------------------------------------------------------

41/42 Testing: MasterTest.DoesNotAllocateChunkForMissingFile
41/42 Test: MasterTest.DoesNotAllocateChunkForMissingFile
Command: "/workspaces/Google_File_System/build/gfs_master_test" "--gtest_filter=MasterTest.DoesNotAllocateChunkForMissingFile" "--gtest_also_run_disabled_tests"
Directory: /workspaces/Google_File_System/build
"MasterTest.DoesNotAllocateChunkForMissingFile" start time: Sep 16 15:03 UTC
Output:
----------------------------------------------------------
Running main() from /workspaces/Google_File_System/build/_deps/googletest-src/googletest/src/gtest_main.cc
Note: Google Test filter = MasterTest.DoesNotAllocateChunkForMissingFile
[==========] Running 1 test from 1 test suite.
[----------] Global test environment set-up.
[----------] 1 test from MasterTest
[ RUN      ] MasterTest.DoesNotAllocateChunkForMissingFile
[       OK ] MasterTest.DoesNotAllocateChunkForMissingFile (0 ms)
[----------] 1 test from MasterTest (0 ms total)

[----------] Global test environment tear-down
[==========] 1 test from 1 test suite ran. (0 ms total)
[  PASSED  ] 1 test.
<end of output>
Test time =   0.00 sec
----------------------------------------------------------
Test Passed.
"MasterTest.DoesNotAllocateChunkForMissingFile" end time: Sep 16 15:03 UTC
"MasterTest.DoesNotAllocateChunkForMissingFile" time elapsed: 00:00:00
----------------------------------------------------------

42/42 Testing: MasterTest.NamespaceAndMetadataRemainIntegrated
42/42 Test: MasterTest.NamespaceAndMetadataRemainIntegrated
Command: "/workspaces/Google_File_System/build/gfs_master_test" "--gtest_filter=MasterTest.NamespaceAndMetadataRemainIntegrated" "--gtest_also_run_disabled_tests"
Directory: /workspaces/Google_File_System/build
"MasterTest.NamespaceAndMetadataRemainIntegrated" start time: Sep 16 15:03 UTC
Output:
----------------------------------------------------------
Running main() from /workspaces/Google_File_System/build/_deps/googletest-src/googletest/src/gtest_main.cc
Note: Google Test filter = MasterTest.NamespaceAndMetadataRemainIntegrated
[==========] Running 1 test from 1 test suite.
[----------] Global test environment set-up.
[----------] 1 test from MasterTest
[ RUN      ] MasterTest.NamespaceAndMetadataRemainIntegrated
[       OK ] MasterTest.NamespaceAndMetadataRemainIntegrated (0 ms)
[----------] 1 test from MasterTest (0 ms total)

[----------] Global test environment tear-down
[==========] 1 test from 1 test suite ran. (0 ms total)
[  PASSED  ] 1 test.
<end of output>
Test time =   0.00 sec
----------------------------------------------------------
Test Passed.
"MasterTest.NamespaceAndMetadataRemainIntegrated" end time: Sep 16 15:03 UTC
"MasterTest.NamespaceAndMetadataRemainIntegrated" time elapsed: 00:00:00
----------------------------------------------------------

End testing: Sep 16 15:03 UTC
